<?xml version="1.0" encoding="UTF-8"?>
<coverage generated="1787756860277" clover="3.2.0">
  <project timestamp="1787756860277" name="All files">
    <metrics statements="20" coveredstatements="18" conditionals="2" coveredconditionals="1" methods="13" coveredmethods="11" elements="35" coveredelements="30" complexity="0" loc="20" ncloc="20" packages="1" files="2" classes="2"/>
    <file name="sum.js" path="C:\Backend-Courses\Jest-Course\sum.js">
      <metrics statements="13" coveredstatements="13" conditionals="2" coveredconditionals="1" methods="10" coveredmethods="10"/>
      <line num="1" count="1" type="stmt"/>
      <line num="4" count="1" type="stmt"/>
      <line num="8" count="1" type="cond" truecount="1" falsecount="1"/>
      <line num="9" count="1" type="stmt"/>
      <line num="16" count="1" type="stmt"/>
      <line num="17" count="1" type="stmt"/>
      <line num="23" count="2" type="stmt"/>
      <line num="24" count="2" type="stmt"/>
      <line num="25" count="2" type="stmt"/>
      <line num="32" count="1" type="stmt"/>
      <line num="33" count="3" type="stmt"/>
      <line num="40" count="1" type="stmt"/>
      <line num="44" count="1" type="stmt"/>
    </file>
    <file name="utils.js" path="C:\Backend-Courses\Jest-Course\utils.js">
      <metrics statements="7" coveredstatements="5" conditionals="0" coveredconditionals="0" methods="3" coveredmethods="1"/>
      <line num="1" count="1" type="stmt"/>
      <line num="2" count="1" type="stmt"/>
      <line num="5" count="1" type="stmt"/>
      <line num="6" count="0" type="stmt"/>
      <line num="9" count="1" type="stmt"/>
      <line num="10" count="0" type="stmt"/>
      <line num="13" count="1" type="stmt"/>
    </file>
  </project>
</coverage>
