TN:
SF:sum.js
FN:3,sum
FN:7,InputInvalid
FN:15,fetchData
FN:16,(anonymous_3)
FN:22,fetchPromise
FN:23,(anonymous_5)
FN:24,(anonymous_6)
FN:31,testMock
FN:39,(anonymous_8)
FN:40,(anonymous_9)
FNF:10
FNH:10
FNDA:1,sum
FNDA:1,InputInvalid
FNDA:1,fetchData
FNDA:1,(anonymous_3)
FNDA:2,fetchPromise
FNDA:2,(anonymous_5)
FNDA:2,(anonymous_6)
FNDA:1,testMock
FNDA:1,(anonymous_8)
FNDA:1,(anonymous_9)
DA:1,1
DA:4,1
DA:8,1
DA:9,1
DA:16,1
DA:17,1
DA:23,2
DA:24,2
DA:25,2
DA:32,1
DA:33,3
DA:40,1
DA:44,1
LF:13
LH:13
BRDA:8,0,0,1
BRDA:8,0,1,0
BRF:2
BRH:1
end_of_record
TN:
SF:utils.js
FN:1,(anonymous_0)
FN:5,(anonymous_1)
FN:9,(anonymous_2)
FNF:3
FNH:1
FNDA:1,(anonymous_0)
FNDA:0,(anonymous_1)
FNDA:0,(anonymous_2)
DA:1,1
DA:2,1
DA:5,1
DA:6,0
DA:9,1
DA:10,0
DA:13,1
LF:7
LH:5
BRF:0
BRH:0
end_of_record
